#
# There is insufficient memory for the Java Runtime Environment to continue.
# Native memory allocation (malloc) failed to allocate 1048576 bytes for AllocateHeap
# Possible reasons:
#   The system is out of physical RAM or swap space
#   The process is running with CompressedOops enabled, and the Java Heap may be blocking the growth of the native heap
# Possible solutions:
#   Reduce memory load on the system
#   Increase physical memory or swap space
#   Check if swap backing store is full
#   Decrease Java heap size (-Xmx/-Xms)
#   Decrease number of Java threads
#   Decrease Java thread stack sizes (-Xss)
#   Set larger code cache with -XX:ReservedCodeCacheSize=
#   JVM is running with Unscaled Compressed Oops mode in which the Java heap is
#     placed in the first 4GB address space. The Java Heap base address is the
#     maximum limit for the native heap growth. Please use -XX:HeapBaseMinAddress
#     to set the Java Heap base and to place the Java Heap above 4GB virtual address.
# This output file may be truncated or incomplete.
#
#  Out of Memory Error (memory/allocation.inline.hpp:61), pid=11448, tid=0x0000000000003410
#
# JRE version:  (8.0_202-b08) (build )
# Java VM: Java HotSpot(TM) 64-Bit Server VM (25.202-b08 mixed mode windows-amd64 compressed oops)
# Failed to write core dump. Minidumps are not enabled by default on client versions of Windows
#

---------------  T H R E A D  ---------------

Current thread (0x00000000027fe800):  JavaThread "Unknown thread" [_thread_in_vm, id=13328, stack(0x0000000002880000,0x0000000002980000)]

Stack: [0x0000000002880000,0x0000000002980000]
[error occurred during error reporting (printing stack bounds), id 0xc0000005]

Native frames: (J=compiled Java code, j=interpreted, Vv=VM code, C=native code)


---------------  P R O C E S S  ---------------

Java Threads: ( => current thread )

Other Threads:

=>0x00000000027fe800 (exited) JavaThread "Unknown thread" [_thread_in_vm, id=13328, stack(0x0000000002880000,0x0000000002980000)]

VM state:not at safepoint (normal execution)

VM Mutex/Monitor currently owned by a thread: None

heap address: 0x00000000e1c00000, size: 484 MB, Compressed Oops mode: 32-bit
Narrow klass base: 0x0000000000000000, Narrow klass shift: 3
Compressed class space size: 1073741824 Address: 0x0000000100000000

Heap:
 PSYoungGen      total 9728K, used 174K [0x00000000f5f00000, 0x00000000f6980000, 0x0000000100000000)
  eden space 8704K, 2% used [0x00000000f5f00000,0x00000000f5f2b860,0x00000000f6780000)
  from space 1024K, 0% used [0x00000000f6880000,0x00000000f6880000,0x00000000f6980000)
  to   space 1024K, 0% used [0x00000000f6780000,0x00000000f6780000,0x00000000f6880000)
 ParOldGen       total 22016K, used 0K [0x00000000e1c00000, 0x00000000e3180000, 0x00000000f5f00000)
  object space 22016K, 0% used [0x00000000e1c00000,0x00000000e1c00000,0x00000000e3180000)
 Metaspace       used 786K, capacity 4480K, committed 4480K, reserved 1056768K
  class space    used 76K, capacity 384K, committed 384K, reserved 1048576K

Card table byte_map: [0x0000000012020000,0x0000000012120000] byte_map_base: 0x0000000011912000

Marking Bits: (ParMarkBitMap*) 0x000000005e205ce0
 Begin Bits: [0x0000000012320000, 0x0000000012ab0000)
 End Bits:   [0x0000000012ab0000, 0x0000000013240000)

Polling page: 0x0000000000e70000

CodeCache: size=245760Kb used=327Kb max_used=327Kb free=245432Kb
 bounds [0x0000000002c60000, 0x0000000002ed0000, 0x0000000011c60000]
 total_blobs=57 nmethods=0 adapters=38
 compilation: enabled

Compilation events (0 events):
No events

GC Heap History (0 events):
No events

Deoptimization events (0 events):
No events

Classes redefined (0 events):
No events

Internal exceptions (0 events):
No events

Events (10 events):
Event: 7.074 loading class java/lang/Short
Event: 7.074 loading class java/lang/Short done
Event: 7.074 loading class java/lang/Integer
Event: 7.074 loading class java/lang/Integer done
Event: 7.074 loading class java/lang/Long
Event: 7.075 loading class java/lang/Long done
Event: 7.076 loading class java/lang/NullPointerException
Event: 7.076 loading class java/lang/NullPointerException done
Event: 7.076 loading class java/lang/ArithmeticException
Event: 7.076 loading class java/lang/ArithmeticException done


Dynamic libraries:
0x00007ff6fede0000 - 0x00007ff6fee17000 	C:\Program Files\Java\jdk1.8.0_202\bin\javaw.exe
0x00007ffb58690000 - 0x00007ffb58885000 	C:\WINDOWS\SYSTEM32\ntdll.dll
0x00007ffb568e0000 - 0x00007ffb5699e000 	C:\WINDOWS\System32\KERNEL32.DLL
0x00007ffb55f90000 - 0x00007ffb56258000 	C:\WINDOWS\System32\KERNELBASE.dll
0x00007ffb56830000 - 0x00007ffb568de000 	C:\WINDOWS\System32\ADVAPI32.dll
0x00007ffb57420000 - 0x00007ffb574be000 	C:\WINDOWS\System32\msvcrt.dll
0x00007ffb58380000 - 0x00007ffb5841c000 	C:\WINDOWS\System32\sechost.dll
0x00007ffb56e40000 - 0x00007ffb56f65000 	C:\WINDOWS\System32\RPCRT4.dll
0x00007ffb56f70000 - 0x00007ffb57110000 	C:\WINDOWS\System32\USER32.dll
0x00007ffb56300000 - 0x00007ffb56322000 	C:\WINDOWS\System32\win32u.dll
0x00007ffb574c0000 - 0x00007ffb574eb000 	C:\WINDOWS\System32\GDI32.dll
0x00007ffb55e50000 - 0x00007ffb55f5d000 	C:\WINDOWS\System32\gdi32full.dll
0x00007ffb56260000 - 0x00007ffb562fd000 	C:\WINDOWS\System32\msvcp_win.dll
0x00007ffb56330000 - 0x00007ffb56430000 	C:\WINDOWS\System32\ucrtbase.dll
0x00007ffb4a660000 - 0x00007ffb4a8fa000 	C:\WINDOWS\WinSxS\amd64_microsoft.windows.common-controls_6595b64144ccf1df_6.0.19041.1110_none_60b5254171f9507e\COMCTL32.dll
0x00007ffb58610000 - 0x00007ffb58640000 	C:\WINDOWS\System32\IMM32.DLL
0x000000005d900000 - 0x000000005d9d2000 	C:\Program Files\Java\jdk1.8.0_202\jre\bin\msvcr100.dll
0x000000005d9e0000 - 0x000000005e285000 	C:\Program Files\Java\jdk1.8.0_202\jre\bin\server\jvm.dll
0x00007ffb566e0000 - 0x00007ffb566e8000 	C:\WINDOWS\System32\PSAPI.DLL
0x00007ffb4ef30000 - 0x00007ffb4ef39000 	C:\WINDOWS\SYSTEM32\WSOCK32.dll
0x00007ffb585a0000 - 0x00007ffb5860b000 	C:\WINDOWS\System32\WS2_32.dll
0x00007ffb40ea0000 - 0x00007ffb40ec7000 	C:\WINDOWS\SYSTEM32\WINMM.dll
0x00007ffb44da0000 - 0x00007ffb44daa000 	C:\WINDOWS\SYSTEM32\VERSION.dll
0x00007ffb48a90000 - 0x00007ffb48a9f000 	C:\Program Files\Java\jdk1.8.0_202\jre\bin\verify.dll
0x00007ffb26350000 - 0x00007ffb26379000 	C:\Program Files\Java\jdk1.8.0_202\jre\bin\java.dll
0x00007ffb49e20000 - 0x00007ffb49e55000 	C:\Program Files\Java\jdk1.8.0_202\jre\bin\jdwp.dll
0x00007ffb4f1a0000 - 0x00007ffb4f1a8000 	C:\Program Files\Java\jdk1.8.0_202\jre\bin\npt.dll
0x00007ffb49df0000 - 0x00007ffb49e13000 	C:\Program Files\Java\jdk1.8.0_202\jre\bin\instrument.dll
0x00007ffb2f390000 - 0x00007ffb2f3a6000 	C:\Program Files\Java\jdk1.8.0_202\jre\bin\zip.dll

VM Arguments:
jvm_args: -agentlib:jdwp=transport=dt_socket,suspend=y,address=localhost:51128 -javaagent:D:\Acceleartion\software\eclipse-jee-photon-R-win32-x86_64\eclipse\configuration\org.eclipse.osgi\418\0\.cp\lib\javaagent-shaded.jar -Dfile.encoding=Cp1252 
java_command: Assignment.palindrome
java_class_path (initial): C:\Program Files\Java\jdk1.8.0_202\jre\lib\resources.jar;C:\Program Files\Java\jdk1.8.0_202\jre\lib\rt.jar;C:\Program Files\Java\jdk1.8.0_202\jre\lib\jsse.jar;C:\Program Files\Java\jdk1.8.0_202\jre\lib\jce.jar;C:\Program Files\Java\jdk1.8.0_202\jre\lib\charsets.jar;C:\Program Files\Java\jdk1.8.0_202\jre\lib\jfr.jar;C:\Program Files\Java\jdk1.8.0_202\jre\lib\ext\access-bridge-64.jar;C:\Program Files\Java\jdk1.8.0_202\jre\lib\ext\cldrdata.jar;C:\Program Files\Java\jdk1.8.0_202\jre\lib\ext\dnsns.jar;C:\Program Files\Java\jdk1.8.0_202\jre\lib\ext\jaccess.jar;C:\Program Files\Java\jdk1.8.0_202\jre\lib\ext\jfxrt.jar;C:\Program Files\Java\jdk1.8.0_202\jre\lib\ext\localedata.jar;C:\Program Files\Java\jdk1.8.0_202\jre\lib\ext\nashorn.jar;C:\Program Files\Java\jdk1.8.0_202\jre\lib\ext\sunec.jar;C:\Program Files\Java\jdk1.8.0_202\jre\lib\ext\sunjce_provider.jar;C:\Program Files\Java\jdk1.8.0_202\jre\lib\ext\sunmscapi.jar;C:\Program Files\Java\jdk1.8.0_202\jre\lib\ext\sunpkcs11.jar;C:\Program Files\Java\jdk1.8.0_202\jre\lib\ext\zipfs.jar;D:\Acceleartion\workspace\BasicJava\bin;D:\Acceleartion\software\eclipse-jee-photon-R-win32-x86_64\eclipse\configuration\org.eclipse.osgi\418\0\.cp\lib\javaagent-shaded.jar
Launcher Type: SUN_STANDARD

Environment Variables:
PATH=C:\Program Files\Java\jdk1.8.0_202\jre\bin;C:/Program Files/Java/jdk1.8.0_202/bin/../jre/bin/server;C:/Program Files/Java/jdk1.8.0_202/bin/../jre/bin;C:/Program Files/Java/jdk1.8.0_202/bin/../jre/lib/amd64;C:\WINDOWS\system32;C:\WINDOWS;C:\WINDOWS\System32\Wbem;C:\WINDOWS\System32\WindowsPowerShell\v1.0\;C:\WINDOWS\System32\OpenSSH\;C:\Program Files\PuTTY\;C:\Program Files\Java\jdk1.8.0_202\bin;C:\Users\Asus\AppData\Local\Microsoft\WindowsApps;;D:\Acceleartion\software\eclipse-jee-photon-R-win32-x86_64\eclipse;
USERNAME=Asus
OS=Windows_NT
PROCESSOR_IDENTIFIER=Intel64 Family 6 Model 58 Stepping 9, GenuineIntel



---------------  S Y S T E M  ---------------

OS: Windows 10.0 , 64 bit Build 19041 (10.0.19041.1503)

CPU:total 2 (initial active 2) (2 cores per cpu, 1 threads per core) family 6 model 58 stepping 9, cmov, cx8, fxsr, mmx, sse, sse2, sse3, ssse3, sse4.1, sse4.2, popcnt, clmul, erms, tsc, tscinvbit, tscinv

Memory: 4k page, physical 1980280k(440156k free), swap 8009592k(4800k free)

vm_info: Java HotSpot(TM) 64-Bit Server VM (25.202-b08) for windows-amd64 JRE (1.8.0_202-b08), built on Dec 15 2018 19:54:30 by "java_re" with MS VC++ 10.0 (VS2010)

time: Sat Mar 12 21:39:19 2022
timezone: India Standard Time
elapsed time: 7 seconds (0d 0h 0m 7s)

